mode: set
github.com/emilybache/gildedrose-refactoring-kata/gildedrose/gildedrose.go:13.53,14.29 1 1
github.com/emilybache/gildedrose-refactoring-kata/gildedrose/gildedrose.go:14.29,16.3 1 1
github.com/emilybache/gildedrose-refactoring-kata/gildedrose/gildedrose.go:18.53,19.29 1 1
github.com/emilybache/gildedrose-refactoring-kata/gildedrose/gildedrose.go:19.29,21.3 1 1
github.com/emilybache/gildedrose-refactoring-kata/gildedrose/gildedrose.go:31.46,34.21 3 1
github.com/emilybache/gildedrose-refactoring-kata/gildedrose/gildedrose.go:34.21,36.3 1 1
github.com/emilybache/gildedrose-refactoring-kata/gildedrose/gildedrose.go:42.47,44.2 1 1
github.com/emilybache/gildedrose-refactoring-kata/gildedrose/gildedrose.go:49.48,50.2 0 1
github.com/emilybache/gildedrose-refactoring-kata/gildedrose/gildedrose.go:55.54,58.22 3 1
github.com/emilybache/gildedrose-refactoring-kata/gildedrose/gildedrose.go:58.22,60.3 1 1
github.com/emilybache/gildedrose-refactoring-kata/gildedrose/gildedrose.go:61.2,61.21 1 1
github.com/emilybache/gildedrose-refactoring-kata/gildedrose/gildedrose.go:61.21,63.3 1 1
github.com/emilybache/gildedrose-refactoring-kata/gildedrose/gildedrose.go:64.2,64.21 1 1
github.com/emilybache/gildedrose-refactoring-kata/gildedrose/gildedrose.go:64.21,66.3 1 1
github.com/emilybache/gildedrose-refactoring-kata/gildedrose/gildedrose.go:72.47,76.21 4 1
github.com/emilybache/gildedrose-refactoring-kata/gildedrose/gildedrose.go:76.21,79.3 2 1
github.com/emilybache/gildedrose-refactoring-kata/gildedrose/gildedrose.go:86.41,93.2 6 1
github.com/emilybache/gildedrose-refactoring-kata/gildedrose/gildedrose.go:95.60,97.8 2 1
github.com/emilybache/gildedrose-refactoring-kata/gildedrose/gildedrose.go:97.8,99.3 1 1
github.com/emilybache/gildedrose-refactoring-kata/gildedrose/gildedrose.go:100.2,100.25 1 1
github.com/emilybache/gildedrose-refactoring-kata/gildedrose/gildedrose.go:103.35,105.29 2 1
github.com/emilybache/gildedrose-refactoring-kata/gildedrose/gildedrose.go:105.29,108.3 2 1
